SF:src/ControlDashboard.jl
DA:18,0
DA:23,0
DA:25,0
DA:26,0
DA:31,0
DA:50,6
DA:53,10
DA:54,6
DA:62,6
DA:79,4
DA:80,2
DA:81,2
DA:83,2
DA:84,2
DA:86,2
DA:87,22
DA:88,2
DA:89,2
DA:109,4
DA:111,2
DA:113,2
DA:116,2
DA:118,2
LH:18
LF:23
end_of_record
SF:src/ControlPanel.jl
DA:8,14
DA:10,28
DA:11,28
DA:12,28
DA:14,14
DA:15,14
DA:16,12
DA:27,8
DA:28,6
DA:29,4
DA:31,6
DA:32,4
DA:41,4
DA:42,4
DA:52,0
DA:55,14
DA:92,8
DA:95,4
DA:96,2
DA:98,2
DA:99,2
DA:100,2
DA:101,16
DA:102,8
DA:103,8
DA:104,8
DA:105,8
DA:107,0
DA:108,0
DA:109,0
DA:112,8
DA:113,2
DA:114,2
DA:115,4
DA:116,4
DA:117,8
DA:123,6
DA:124,2
DA:134,0
DA:135,0
DA:139,0
LH:34
LF:41
end_of_record
